# JRE version: Java(TM) SE Runtime Environment (8.0_181-b13) (build 1.8.0_181-b13)
# Java VM: Java HotSpot(TM) 64-Bit Server VM (25.181-b13 mixed mode windows-amd64 compressed oops)
Heap:
 PSYoungGen      total 141824K, used 48777K [0x000000076b100000, 0x0000000774600000, 0x00000007c0000000)
  eden space 131072K, 37% used [0x000000076b100000,0x000000076e0a2598,0x0000000773100000)
  from space 10752K, 0% used [0x0000000773b80000,0x0000000773b80000,0x0000000774600000)
  to   space 10752K, 0% used [0x0000000773100000,0x0000000773100000,0x0000000773b80000)
 ParOldGen       total 245760K, used 83190K [0x00000006c1200000, 0x00000006d0200000, 0x000000076b100000)
  object space 245760K, 33% used [0x00000006c1200000,0x00000006c633d888,0x00000006d0200000)
 Metaspace       used 16005K, capacity 16196K, committed 16384K, reserved 1064960K
  class space    used 1692K, capacity 1765K, committed 1792K, reserved 1048576K
GC Heap History (10 events):
Event: 1.688 GC heap before
{Heap before GC invocations=1 (full 0):
 PSYoungGen      total 76288K, used 65536K [0x000000076b100000, 0x0000000770600000, 0x00000007c0000000)
  eden space 65536K, 100% used [0x000000076b100000,0x000000076f100000,0x000000076f100000)
  from space 10752K, 0% used [0x000000076fb80000,0x000000076fb80000,0x0000000770600000)
  to   space 10752K, 0% used [0x000000076f100000,0x000000076f100000,0x000000076fb80000)
 ParOldGen       total 175104K, used 0K [0x00000006c1200000, 0x00000006cbd00000, 0x000000076b100000)
  object space 175104K, 0% used [0x00000006c1200000,0x00000006c1200000,0x00000006cbd00000)
 Metaspace       used 15991K, capacity 16196K, committed 16384K, reserved 1064960K
  class space    used 1692K, capacity 1765K, committed 1792K, reserved 1048576K
Event: 1.699 GC heap after
Heap after GC invocations=1 (full 0):
 PSYoungGen      total 76288K, used 10738K [0x000000076b100000, 0x0000000770600000, 0x00000007c0000000)
  eden space 65536K, 0% used [0x000000076b100000,0x000000076b100000,0x000000076f100000)
  from space 10752K, 99% used [0x000000076f100000,0x000000076fb7cbd0,0x000000076fb80000)
  to   space 10752K, 0% used [0x000000076fb80000,0x000000076fb80000,0x0000000770600000)
 ParOldGen       total 175104K, used 13715K [0x00000006c1200000, 0x00000006cbd00000, 0x000000076b100000)
  object space 175104K, 7% used [0x00000006c1200000,0x00000006c1f64dc0,0x00000006cbd00000)
 Metaspace       used 15991K, capacity 16196K, committed 16384K, reserved 1064960K
  class space    used 1692K, capacity 1765K, committed 1792K, reserved 1048576K
}
Event: 1.712 GC heap before
{Heap before GC invocations=2 (full 0):
 PSYoungGen      total 76288K, used 76274K [0x000000076b100000, 0x0000000770600000, 0x00000007c0000000)
  eden space 65536K, 100% used [0x000000076b100000,0x000000076f100000,0x000000076f100000)
  from space 10752K, 99% used [0x000000076f100000,0x000000076fb7cbd0,0x000000076fb80000)
  to   space 10752K, 0% used [0x000000076fb80000,0x000000076fb80000,0x0000000770600000)
 ParOldGen       total 175104K, used 13715K [0x00000006c1200000, 0x00000006cbd00000, 0x000000076b100000)
  object space 175104K, 7% used [0x00000006c1200000,0x00000006c1f64dc0,0x00000006cbd00000)
 Metaspace       used 15999K, capacity 16196K, committed 16384K, reserved 1064960K
  class space    used 1692K, capacity 1765K, committed 1792K, reserved 1048576K
Event: 1.743 GC heap after
Heap after GC invocations=2 (full 0):
 PSYoungGen      total 76288K, used 10738K [0x000000076b100000, 0x0000000774600000, 0x00000007c0000000)
  eden space 65536K, 0% used [0x000000076b100000,0x000000076b100000,0x000000076f100000)
  from space 10752K, 99% used [0x000000076fb80000,0x00000007705fcbf0,0x0000000770600000)
  to   space 10752K, 0% used [0x000000076f100000,0x000000076f100000,0x000000076fb80000)
 ParOldGen       total 175104K, used 77763K [0x00000006c1200000, 0x00000006cbd00000, 0x000000076b100000)
  object space 175104K, 44% used [0x00000006c1200000,0x00000006c5df0dc0,0x00000006cbd00000)
 Metaspace       used 15999K, capacity 16196K, committed 16384K, reserved 1064960K
  class space    used 1692K, capacity 1765K, committed 1792K, reserved 1048576K
}
Event: 2.547 GC heap before
{Heap before GC invocations=3 (full 0):
 PSYoungGen      total 76288K, used 76274K [0x000000076b100000, 0x0000000774600000, 0x00000007c0000000)
  eden space 65536K, 100% used [0x000000076b100000,0x000000076f100000,0x000000076f100000)
  from space 10752K, 99% used [0x000000076fb80000,0x00000007705fcbf0,0x0000000770600000)
  to   space 10752K, 0% used [0x000000076f100000,0x000000076f100000,0x000000076fb80000)
 ParOldGen       total 175104K, used 77763K [0x00000006c1200000, 0x00000006cbd00000, 0x000000076b100000)
  object space 175104K, 44% used [0x00000006c1200000,0x00000006c5df0dc0,0x00000006cbd00000)
 Metaspace       used 16003K, capacity 16196K, committed 16384K, reserved 1064960K
  class space    used 1692K, capacity 1765K, committed 1792K, reserved 1048576K
Event: 2.551 GC heap after
Heap after GC invocations=3 (full 0):
 PSYoungGen      total 76288K, used 10736K [0x000000076b100000, 0x0000000774600000, 0x00000007c0000000)
  eden space 65536K, 0% used [0x000000076b100000,0x000000076b100000,0x000000076f100000)
  from space 10752K, 99% used [0x000000076f100000,0x000000076fb7c010,0x000000076fb80000)
  to   space 10752K, 0% used [0x0000000773b80000,0x0000000773b80000,0x0000000774600000)
 ParOldGen       total 175104K, used 82731K [0x00000006c1200000, 0x00000006cbd00000, 0x000000076b100000)
  object space 175104K, 47% used [0x00000006c1200000,0x00000006c62cadc0,0x00000006cbd00000)
 Metaspace       used 16003K, capacity 16196K, committed 16384K, reserved 1064960K
  class space    used 1692K, capacity 1765K, committed 1792K, reserved 1048576K
}
Event: 2.561 GC heap before
{Heap before GC invocations=4 (full 0):
 PSYoungGen      total 76288K, used 76272K [0x000000076b100000, 0x0000000774600000, 0x00000007c0000000)
  eden space 65536K, 100% used [0x000000076b100000,0x000000076f100000,0x000000076f100000)
  from space 10752K, 99% used [0x000000076f100000,0x000000076fb7c010,0x000000076fb80000)
  to   space 10752K, 0% used [0x0000000773b80000,0x0000000773b80000,0x0000000774600000)
 ParOldGen       total 175104K, used 82731K [0x00000006c1200000, 0x00000006cbd00000, 0x000000076b100000)
  object space 175104K, 47% used [0x00000006c1200000,0x00000006c62cadc0,0x00000006cbd00000)
 Metaspace       used 16003K, capacity 16196K, committed 16384K, reserved 1064960K
  class space    used 1692K, capacity 1765K, committed 1792K, reserved 1048576K
Event: 2.592 GC heap after
Heap after GC invocations=4 (full 0):
 PSYoungGen      total 141824K, used 10720K [0x000000076b100000, 0x0000000774600000, 0x00000007c0000000)
  eden space 131072K, 0% used [0x000000076b100000,0x000000076b100000,0x0000000773100000)
  from space 10752K, 99% used [0x0000000773b80000,0x00000007745f8020,0x0000000774600000)
  to   space 10752K, 0% used [0x0000000773100000,0x0000000773100000,0x0000000773b80000)
 ParOldGen       total 175104K, used 148843K [0x00000006c1200000, 0x00000006cbd00000, 0x000000076b100000)
  object space 175104K, 85% used [0x00000006c1200000,0x00000006ca35adc0,0x00000006cbd00000)
 Metaspace       used 16003K, capacity 16196K, committed 16384K, reserved 1064960K
  class space    used 1692K, capacity 1765K, committed 1792K, reserved 1048576K
}
Event: 2.592 GC heap before
{Heap before GC invocations=5 (full 1):
 PSYoungGen      total 141824K, used 10720K [0x000000076b100000, 0x0000000774600000, 0x00000007c0000000)
  eden space 131072K, 0% used [0x000000076b100000,0x000000076b100000,0x0000000773100000)
  from space 10752K, 99% used [0x0000000773b80000,0x00000007745f8020,0x0000000774600000)
  to   space 10752K, 0% used [0x0000000773100000,0x0000000773100000,0x0000000773b80000)
 ParOldGen       total 175104K, used 148843K [0x00000006c1200000, 0x00000006cbd00000, 0x000000076b100000)
  object space 175104K, 85% used [0x00000006c1200000,0x00000006ca35adc0,0x00000006cbd00000)
 Metaspace       used 16003K, capacity 16196K, committed 16384K, reserved 1064960K
  class space    used 1692K, capacity 1765K, committed 1792K, reserved 1048576K
Event: 2.623 GC heap after
Heap after GC invocations=5 (full 1):
 PSYoungGen      total 141824K, used 0K [0x000000076b100000, 0x0000000774600000, 0x00000007c0000000)
  eden space 131072K, 0% used [0x000000076b100000,0x000000076b100000,0x0000000773100000)
  from space 10752K, 0% used [0x0000000773b80000,0x0000000773b80000,0x0000000774600000)
  to   space 10752K, 0% used [0x0000000773100000,0x0000000773100000,0x0000000773b80000)
 ParOldGen       total 245760K, used 83190K [0x00000006c1200000, 0x00000006d0200000, 0x000000076b100000)
  object space 245760K, 33% used [0x00000006c1200000,0x00000006c633d888,0x00000006d0200000)
 Metaspace       used 16003K, capacity 16196K, committed 16384K, reserved 1064960K
  class space    used 1692K, capacity 1765K, committed 1792K, reserved 1048576K
}

