# JRE version: Java(TM) SE Runtime Environment (8.0_181-b13) (build 1.8.0_181-b13)
# Java VM: Java HotSpot(TM) 64-Bit Server VM (25.181-b13 mixed mode windows-amd64 compressed oops)
Heap:
 PSYoungGen      total 141824K, used 50130K [0x000000076b100000, 0x0000000774600000, 0x00000007c0000000)
  eden space 131072K, 38% used [0x000000076b100000,0x000000076e1f49f0,0x0000000773100000)
  from space 10752K, 0% used [0x0000000773b80000,0x0000000773b80000,0x0000000774600000)
  to   space 10752K, 0% used [0x0000000773100000,0x0000000773100000,0x0000000773b80000)
 ParOldGen       total 246784K, used 84075K [0x00000006c1200000, 0x00000006d0300000, 0x000000076b100000)
  object space 246784K, 34% used [0x00000006c1200000,0x00000006c641ad20,0x00000006d0300000)
 Metaspace       used 16017K, capacity 16228K, committed 16512K, reserved 1064960K
  class space    used 1696K, capacity 1797K, committed 1920K, reserved 1048576K
GC Heap History (10 events):
Event: 1.733 GC heap before
{Heap before GC invocations=1 (full 0):
 PSYoungGen      total 76288K, used 65536K [0x000000076b100000, 0x0000000770600000, 0x00000007c0000000)
  eden space 65536K, 100% used [0x000000076b100000,0x000000076f100000,0x000000076f100000)
  from space 10752K, 0% used [0x000000076fb80000,0x000000076fb80000,0x0000000770600000)
  to   space 10752K, 0% used [0x000000076f100000,0x000000076f100000,0x000000076fb80000)
 ParOldGen       total 175104K, used 0K [0x00000006c1200000, 0x00000006cbd00000, 0x000000076b100000)
  object space 175104K, 0% used [0x00000006c1200000,0x00000006c1200000,0x00000006cbd00000)
 Metaspace       used 16003K, capacity 16228K, committed 16512K, reserved 1064960K
  class space    used 1696K, capacity 1797K, committed 1920K, reserved 1048576K
Event: 1.744 GC heap after
Heap after GC invocations=1 (full 0):
 PSYoungGen      total 76288K, used 10720K [0x000000076b100000, 0x0000000770600000, 0x00000007c0000000)
  eden space 65536K, 0% used [0x000000076b100000,0x000000076b100000,0x000000076f100000)
  from space 10752K, 99% used [0x000000076f100000,0x000000076fb78020,0x000000076fb80000)
  to   space 10752K, 0% used [0x000000076fb80000,0x000000076fb80000,0x0000000770600000)
 ParOldGen       total 175104K, used 13722K [0x00000006c1200000, 0x00000006cbd00000, 0x000000076b100000)
  object space 175104K, 7% used [0x00000006c1200000,0x00000006c1f66aa0,0x00000006cbd00000)
 Metaspace       used 16003K, capacity 16228K, committed 16512K, reserved 1064960K
  class space    used 1696K, capacity 1797K, committed 1920K, reserved 1048576K
}
Event: 1.758 GC heap before
{Heap before GC invocations=2 (full 0):
 PSYoungGen      total 76288K, used 76256K [0x000000076b100000, 0x0000000770600000, 0x00000007c0000000)
  eden space 65536K, 100% used [0x000000076b100000,0x000000076f100000,0x000000076f100000)
  from space 10752K, 99% used [0x000000076f100000,0x000000076fb78020,0x000000076fb80000)
  to   space 10752K, 0% used [0x000000076fb80000,0x000000076fb80000,0x0000000770600000)
 ParOldGen       total 175104K, used 13722K [0x00000006c1200000, 0x00000006cbd00000, 0x000000076b100000)
  object space 175104K, 7% used [0x00000006c1200000,0x00000006c1f66aa0,0x00000006cbd00000)
 Metaspace       used 16011K, capacity 16228K, committed 16512K, reserved 1064960K
  class space    used 1696K, capacity 1797K, committed 1920K, reserved 1048576K
Event: 1.789 GC heap after
Heap after GC invocations=2 (full 0):
 PSYoungGen      total 76288K, used 10752K [0x000000076b100000, 0x0000000774600000, 0x00000007c0000000)
  eden space 65536K, 0% used [0x000000076b100000,0x000000076b100000,0x000000076f100000)
  from space 10752K, 100% used [0x000000076fb80000,0x0000000770600000,0x0000000770600000)
  to   space 10752K, 0% used [0x000000076f100000,0x000000076f100000,0x000000076fb80000)
 ParOldGen       total 175104K, used 78418K [0x00000006c1200000, 0x00000006cbd00000, 0x000000076b100000)
  object space 175104K, 44% used [0x00000006c1200000,0x00000006c5e94aa0,0x00000006cbd00000)
 Metaspace       used 16011K, capacity 16228K, committed 16512K, reserved 1064960K
  class space    used 1696K, capacity 1797K, committed 1920K, reserved 1048576K
}
Event: 2.584 GC heap before
{Heap before GC invocations=3 (full 0):
 PSYoungGen      total 76288K, used 76288K [0x000000076b100000, 0x0000000774600000, 0x00000007c0000000)
  eden space 65536K, 100% used [0x000000076b100000,0x000000076f100000,0x000000076f100000)
  from space 10752K, 100% used [0x000000076fb80000,0x0000000770600000,0x0000000770600000)
  to   space 10752K, 0% used [0x000000076f100000,0x000000076f100000,0x000000076fb80000)
 ParOldGen       total 175104K, used 78418K [0x00000006c1200000, 0x00000006cbd00000, 0x000000076b100000)
  object space 175104K, 44% used [0x00000006c1200000,0x00000006c5e94aa0,0x00000006cbd00000)
 Metaspace       used 16016K, capacity 16228K, committed 16512K, reserved 1064960K
  class space    used 1696K, capacity 1797K, committed 1920K, reserved 1048576K
Event: 2.588 GC heap after
Heap after GC invocations=3 (full 0):
 PSYoungGen      total 76288K, used 10752K [0x000000076b100000, 0x0000000774600000, 0x00000007c0000000)
  eden space 65536K, 0% used [0x000000076b100000,0x000000076b100000,0x000000076f100000)
  from space 10752K, 100% used [0x000000076f100000,0x000000076fb80000,0x000000076fb80000)
  to   space 10752K, 0% used [0x0000000773b80000,0x0000000773b80000,0x0000000774600000)
 ParOldGen       total 175104K, used 84298K [0x00000006c1200000, 0x00000006cbd00000, 0x000000076b100000)
  object space 175104K, 48% used [0x00000006c1200000,0x00000006c6452aa0,0x00000006cbd00000)
 Metaspace       used 16016K, capacity 16228K, committed 16512K, reserved 1064960K
  class space    used 1696K, capacity 1797K, committed 1920K, reserved 1048576K
}
Event: 2.598 GC heap before
{Heap before GC invocations=4 (full 0):
 PSYoungGen      total 76288K, used 76288K [0x000000076b100000, 0x0000000774600000, 0x00000007c0000000)
  eden space 65536K, 100% used [0x000000076b100000,0x000000076f100000,0x000000076f100000)
  from space 10752K, 100% used [0x000000076f100000,0x000000076fb80000,0x000000076fb80000)
  to   space 10752K, 0% used [0x0000000773b80000,0x0000000773b80000,0x0000000774600000)
 ParOldGen       total 175104K, used 84298K [0x00000006c1200000, 0x00000006cbd00000, 0x000000076b100000)
  object space 175104K, 48% used [0x00000006c1200000,0x00000006c6452aa0,0x00000006cbd00000)
 Metaspace       used 16016K, capacity 16228K, committed 16512K, reserved 1064960K
  class space    used 1696K, capacity 1797K, committed 1920K, reserved 1048576K
Event: 2.628 GC heap after
Heap after GC invocations=4 (full 0):
 PSYoungGen      total 141824K, used 10752K [0x000000076b100000, 0x0000000774600000, 0x00000007c0000000)
  eden space 131072K, 0% used [0x000000076b100000,0x000000076b100000,0x0000000773100000)
  from space 10752K, 100% used [0x0000000773b80000,0x0000000774600000,0x0000000774600000)
  to   space 10752K, 0% used [0x0000000773100000,0x0000000773100000,0x0000000773b80000)
 ParOldGen       total 175104K, used 150410K [0x00000006c1200000, 0x00000006cbd00000, 0x000000076b100000)
  object space 175104K, 85% used [0x00000006c1200000,0x00000006ca4e2aa0,0x00000006cbd00000)
 Metaspace       used 16016K, capacity 16228K, committed 16512K, reserved 1064960K
  class space    used 1696K, capacity 1797K, committed 1920K, reserved 1048576K
}
Event: 2.628 GC heap before
{Heap before GC invocations=5 (full 1):
 PSYoungGen      total 141824K, used 10752K [0x000000076b100000, 0x0000000774600000, 0x00000007c0000000)
  eden space 131072K, 0% used [0x000000076b100000,0x000000076b100000,0x0000000773100000)
  from space 10752K, 100% used [0x0000000773b80000,0x0000000774600000,0x0000000774600000)
  to   space 10752K, 0% used [0x0000000773100000,0x0000000773100000,0x0000000773b80000)
 ParOldGen       total 175104K, used 150410K [0x00000006c1200000, 0x00000006cbd00000, 0x000000076b100000)
  object space 175104K, 85% used [0x00000006c1200000,0x00000006ca4e2aa0,0x00000006cbd00000)
 Metaspace       used 16016K, capacity 16228K, committed 16512K, reserved 1064960K
  class space    used 1696K, capacity 1797K, committed 1920K, reserved 1048576K
Event: 2.659 GC heap after
Heap after GC invocations=5 (full 1):
 PSYoungGen      total 141824K, used 0K [0x000000076b100000, 0x0000000774600000, 0x00000007c0000000)
  eden space 131072K, 0% used [0x000000076b100000,0x000000076b100000,0x0000000773100000)
  from space 10752K, 0% used [0x0000000773b80000,0x0000000773b80000,0x0000000774600000)
  to   space 10752K, 0% used [0x0000000773100000,0x0000000773100000,0x0000000773b80000)
 ParOldGen       total 246784K, used 84075K [0x00000006c1200000, 0x00000006d0300000, 0x000000076b100000)
  object space 246784K, 34% used [0x00000006c1200000,0x00000006c641ad20,0x00000006d0300000)
 Metaspace       used 16016K, capacity 16228K, committed 16512K, reserved 1064960K
  class space    used 1696K, capacity 1797K, committed 1920K, reserved 1048576K
}

