# JRE version: Java(TM) SE Runtime Environment (8.0_181-b13) (build 1.8.0_181-b13)
# Java VM: Java HotSpot(TM) 64-Bit Server VM (25.181-b13 mixed mode windows-amd64 compressed oops)
Heap:
 PSYoungGen      total 141824K, used 48443K [0x000000076b100000, 0x0000000774600000, 0x00000007c0000000)
  eden space 131072K, 36% used [0x000000076b100000,0x000000076e04ec70,0x0000000773100000)
  from space 10752K, 0% used [0x0000000773b80000,0x0000000773b80000,0x0000000774600000)
  to   space 10752K, 0% used [0x0000000773100000,0x0000000773100000,0x0000000773b80000)
 ParOldGen       total 245248K, used 82777K [0x00000006c1200000, 0x00000006d0180000, 0x000000076b100000)
  object space 245248K, 33% used [0x00000006c1200000,0x00000006c62d65f0,0x00000006d0180000)
 Metaspace       used 15997K, capacity 16196K, committed 16384K, reserved 1064960K
  class space    used 1692K, capacity 1765K, committed 1792K, reserved 1048576K
GC Heap History (10 events):
Event: 1.685 GC heap before
{Heap before GC invocations=1 (full 0):
 PSYoungGen      total 76288K, used 65536K [0x000000076b100000, 0x0000000770600000, 0x00000007c0000000)
  eden space 65536K, 100% used [0x000000076b100000,0x000000076f100000,0x000000076f100000)
  from space 10752K, 0% used [0x000000076fb80000,0x000000076fb80000,0x0000000770600000)
  to   space 10752K, 0% used [0x000000076f100000,0x000000076f100000,0x000000076fb80000)
 ParOldGen       total 175104K, used 0K [0x00000006c1200000, 0x00000006cbd00000, 0x000000076b100000)
  object space 175104K, 0% used [0x00000006c1200000,0x00000006c1200000,0x00000006cbd00000)
 Metaspace       used 15985K, capacity 16196K, committed 16384K, reserved 1064960K
  class space    used 1692K, capacity 1765K, committed 1792K, reserved 1048576K
Event: 1.696 GC heap after
Heap after GC invocations=1 (full 0):
 PSYoungGen      total 76288K, used 10720K [0x000000076b100000, 0x0000000770600000, 0x00000007c0000000)
  eden space 65536K, 0% used [0x000000076b100000,0x000000076b100000,0x000000076f100000)
  from space 10752K, 99% used [0x000000076f100000,0x000000076fb78020,0x000000076fb80000)
  to   space 10752K, 0% used [0x000000076fb80000,0x000000076fb80000,0x0000000770600000)
 ParOldGen       total 175104K, used 13747K [0x00000006c1200000, 0x00000006cbd00000, 0x000000076b100000)
  object space 175104K, 7% used [0x00000006c1200000,0x00000006c1f6cf08,0x00000006cbd00000)
 Metaspace       used 15985K, capacity 16196K, committed 16384K, reserved 1064960K
  class space    used 1692K, capacity 1765K, committed 1792K, reserved 1048576K
}
Event: 1.710 GC heap before
{Heap before GC invocations=2 (full 0):
 PSYoungGen      total 76288K, used 76256K [0x000000076b100000, 0x0000000770600000, 0x00000007c0000000)
  eden space 65536K, 100% used [0x000000076b100000,0x000000076f100000,0x000000076f100000)
  from space 10752K, 99% used [0x000000076f100000,0x000000076fb78020,0x000000076fb80000)
  to   space 10752K, 0% used [0x000000076fb80000,0x000000076fb80000,0x0000000770600000)
 ParOldGen       total 175104K, used 13747K [0x00000006c1200000, 0x00000006cbd00000, 0x000000076b100000)
  object space 175104K, 7% used [0x00000006c1200000,0x00000006c1f6cf08,0x00000006cbd00000)
 Metaspace       used 15993K, capacity 16196K, committed 16384K, reserved 1064960K
  class space    used 1692K, capacity 1765K, committed 1792K, reserved 1048576K
Event: 1.740 GC heap after
Heap after GC invocations=2 (full 0):
 PSYoungGen      total 76288K, used 10738K [0x000000076b100000, 0x0000000774600000, 0x00000007c0000000)
  eden space 65536K, 0% used [0x000000076b100000,0x000000076b100000,0x000000076f100000)
  from space 10752K, 99% used [0x000000076fb80000,0x00000007705fcbd0,0x0000000770600000)
  to   space 10752K, 0% used [0x000000076f100000,0x000000076f100000,0x000000076fb80000)
 ParOldGen       total 175104K, used 77131K [0x00000006c1200000, 0x00000006cbd00000, 0x000000076b100000)
  object space 175104K, 44% used [0x00000006c1200000,0x00000006c5d52f08,0x00000006cbd00000)
 Metaspace       used 15993K, capacity 16196K, committed 16384K, reserved 1064960K
  class space    used 1692K, capacity 1765K, committed 1792K, reserved 1048576K
}
Event: 2.532 GC heap before
{Heap before GC invocations=3 (full 0):
 PSYoungGen      total 76288K, used 76274K [0x000000076b100000, 0x0000000774600000, 0x00000007c0000000)
  eden space 65536K, 100% used [0x000000076b100000,0x000000076f100000,0x000000076f100000)
  from space 10752K, 99% used [0x000000076fb80000,0x00000007705fcbd0,0x0000000770600000)
  to   space 10752K, 0% used [0x000000076f100000,0x000000076f100000,0x000000076fb80000)
 ParOldGen       total 175104K, used 77131K [0x00000006c1200000, 0x00000006cbd00000, 0x000000076b100000)
  object space 175104K, 44% used [0x00000006c1200000,0x00000006c5d52f08,0x00000006cbd00000)
 Metaspace       used 15995K, capacity 16196K, committed 16384K, reserved 1064960K
  class space    used 1692K, capacity 1765K, committed 1792K, reserved 1048576K
Event: 2.536 GC heap after
Heap after GC invocations=3 (full 0):
 PSYoungGen      total 76288K, used 10738K [0x000000076b100000, 0x0000000774600000, 0x00000007c0000000)
  eden space 65536K, 0% used [0x000000076b100000,0x000000076b100000,0x000000076f100000)
  from space 10752K, 99% used [0x000000076f100000,0x000000076fb7cbf0,0x000000076fb80000)
  to   space 10752K, 0% used [0x0000000773b80000,0x0000000773b80000,0x0000000774600000)
 ParOldGen       total 175104K, used 81675K [0x00000006c1200000, 0x00000006cbd00000, 0x000000076b100000)
  object space 175104K, 46% used [0x00000006c1200000,0x00000006c61c2f08,0x00000006cbd00000)
 Metaspace       used 15995K, capacity 16196K, committed 16384K, reserved 1064960K
  class space    used 1692K, capacity 1765K, committed 1792K, reserved 1048576K
}
Event: 2.546 GC heap before
{Heap before GC invocations=4 (full 0):
 PSYoungGen      total 76288K, used 76274K [0x000000076b100000, 0x0000000774600000, 0x00000007c0000000)
  eden space 65536K, 100% used [0x000000076b100000,0x000000076f100000,0x000000076f100000)
  from space 10752K, 99% used [0x000000076f100000,0x000000076fb7cbf0,0x000000076fb80000)
  to   space 10752K, 0% used [0x0000000773b80000,0x0000000773b80000,0x0000000774600000)
 ParOldGen       total 175104K, used 81675K [0x00000006c1200000, 0x00000006cbd00000, 0x000000076b100000)
  object space 175104K, 46% used [0x00000006c1200000,0x00000006c61c2f08,0x00000006cbd00000)
 Metaspace       used 15995K, capacity 16196K, committed 16384K, reserved 1064960K
  class space    used 1692K, capacity 1765K, committed 1792K, reserved 1048576K
Event: 2.576 GC heap after
Heap after GC invocations=4 (full 0):
 PSYoungGen      total 141824K, used 10720K [0x000000076b100000, 0x0000000774600000, 0x00000007c0000000)
  eden space 131072K, 0% used [0x000000076b100000,0x000000076b100000,0x0000000773100000)
  from space 10752K, 99% used [0x0000000773b80000,0x00000007745f8020,0x0000000774600000)
  to   space 10752K, 0% used [0x0000000773100000,0x0000000773100000,0x0000000773b80000)
 ParOldGen       total 175104K, used 147787K [0x00000006c1200000, 0x00000006cbd00000, 0x000000076b100000)
  object space 175104K, 84% used [0x00000006c1200000,0x00000006ca252f08,0x00000006cbd00000)
 Metaspace       used 15995K, capacity 16196K, committed 16384K, reserved 1064960K
  class space    used 1692K, capacity 1765K, committed 1792K, reserved 1048576K
}
Event: 2.576 GC heap before
{Heap before GC invocations=5 (full 1):
 PSYoungGen      total 141824K, used 10720K [0x000000076b100000, 0x0000000774600000, 0x00000007c0000000)
  eden space 131072K, 0% used [0x000000076b100000,0x000000076b100000,0x0000000773100000)
  from space 10752K, 99% used [0x0000000773b80000,0x00000007745f8020,0x0000000774600000)
  to   space 10752K, 0% used [0x0000000773100000,0x0000000773100000,0x0000000773b80000)
 ParOldGen       total 175104K, used 147787K [0x00000006c1200000, 0x00000006cbd00000, 0x000000076b100000)
  object space 175104K, 84% used [0x00000006c1200000,0x00000006ca252f08,0x00000006cbd00000)
 Metaspace       used 15995K, capacity 16196K, committed 16384K, reserved 1064960K
  class space    used 1692K, capacity 1765K, committed 1792K, reserved 1048576K
Event: 2.606 GC heap after
Heap after GC invocations=5 (full 1):
 PSYoungGen      total 141824K, used 0K [0x000000076b100000, 0x0000000774600000, 0x00000007c0000000)
  eden space 131072K, 0% used [0x000000076b100000,0x000000076b100000,0x0000000773100000)
  from space 10752K, 0% used [0x0000000773b80000,0x0000000773b80000,0x0000000774600000)
  to   space 10752K, 0% used [0x0000000773100000,0x0000000773100000,0x0000000773b80000)
 ParOldGen       total 245248K, used 82777K [0x00000006c1200000, 0x00000006d0180000, 0x000000076b100000)
  object space 245248K, 33% used [0x00000006c1200000,0x00000006c62d65f0,0x00000006d0180000)
 Metaspace       used 15995K, capacity 16196K, committed 16384K, reserved 1064960K
  class space    used 1692K, capacity 1765K, committed 1792K, reserved 1048576K
}

